


ARM Macro Assembler    Page 1 


    1 00000000                 PRESERVE8
    2 00000000                 THUMB
    3 00000000         
    4 00000000                 import           LeSignal
    5 00000000                 export           DFT_ModuleAuCarre
    6 00000000         
    7 00000000         ; ====================== zone de réservation de données,
                         ======================================
    8 00000000         ;Section RAM (read only) :
    9 00000000                 area             mesdata,data,readonly
   10 00000000         
   11 00000000         
   12 00000000         ;Section RAM (read write):
   13 00000000                 area             maram,data,readwrite
   14 00000000         
   15 00000000 00 00   PartieReelle
                               dcw              0
   16 00000002 00 00   PartieImaginaire
                               dcw              0
   17 00000004 00 00   ModuleAuCarre
                               dcw              0
   18 00000006         
   19 00000006         ; ======================================================
                       =========================================
   20 00000006         
   21 00000006         
   22 00000006         
   23 00000006         
   24 00000006         ;Section ROM code (read only) :  
   25 00000006                 area             moncode,code,readonly
   26 00000000         ; écrire le code ici  
   27 00000000         
   28 00000000         
   29 00000000         ; fonction DFTRE:k
   30 00000000         ; somme = 0k
   31 00000000         ; for p 0>63:k
   32 00000000         ; cos = tab[p]k
   33 00000000         ; somme = somme + X[p] * cos
   34 00000000         ; 
   35 00000000         ; return somme
   36 00000000         
   37 00000000         DFT_ModuleAuCarre
                               proc
   38 00000000 E92D 07F0       push             {r4, r5, r6, r7, r8, r9, r10}
   39 00000004         
   40 00000004         ;r0 -> adresse x(0)
   41 00000004         ;r1 -> k
   42 00000004 F04F 0200       mov              r2, #0      ; r2 -> n = 0
   43 00000008 F04F 0300       mov              r3, #0      ; r3 -> PartieReell
                                                            e = 0
   44 0000000C F04F 0400       mov              r4, #0      ; r4 -> PartieIm = 
                                                            0
   45 00000010         
   46 00000010 4D11            ldr              r5,=TabCos  ; r5 -> adresse tab
                                                            cos
   47 00000012 4E12            ldr              r6,=TabSin  ; r6 -> adresse tab
                                                            sin
   48 00000014         
   49 00000014         



ARM Macro Assembler    Page 2 


   50 00000014         
   51 00000014         LOOP
   52 00000014 F930 7012       ldrsh            r7, [r0, r2, lsl #1] 
                                                            ; r7 = x(n)
   53 00000018 FB02 F801       mul              r8, r2, r1  ; r8 = p = n * k
   54 0000001C F008 083F       and              r8, r8, #63
   55 00000020         
   56 00000020 F935 9018       ldrsh            r9, [r5, r8, lsl #1] 
                                                            ; Tabcos(p)
   57 00000024 F936 A018       ldrsh            r10, [r6, r8, lsl #1] 
                                                            ; Tabsin(p)
   58 00000028         
   59 00000028 FB09 F907       mul              r9, r9, r7
   60 0000002C 444B            add              r3,r3,r9    ; maj PartieReelle
   61 0000002E         
   62 0000002E FB0A FA07       mul              r10, r10, r7
   63 00000032 4454            add              r4,r4,r10   ; maj PartieIm
   64 00000034         
   65 00000034 F102 0201       add              r2, r2, #1
   66 00000038 2A40            cmp              r2, #64     ; si n = 64 then pa
                                                            s loop
   67 0000003A         
   68 0000003A D1EB            bne              LOOP
   69 0000003C         
   70 0000003C 4D08            ldr              r5,=PartieReelle
   71 0000003E 602B            str              r3, [r5]
   72 00000040 4E08            ldr              r6,=PartieImaginaire
   73 00000042 6034            str              r4, [r6]
   74 00000044         
   75 00000044         ; calcul modulo
   76 00000044 FB83 1003       smull            r1,r0,r3,r3
   77 00000048 FBC4 1004       smlal            r1,r0,r4,r4
   78 0000004C         
   79 0000004C 4F06            ldr              r7,=ModuleAuCarre
   80 0000004E 6038            str              r0, [r7]
   81 00000050         
   82 00000050         
   83 00000050         
   84 00000050 E8BD 07F0       pop              {r4, r5, r6, r7, r8, r9, r10}
   85 00000054 4770            bx               lr
   86 00000056         
   87 00000056                 endp
   88 00000056         
   89 00000056         
   90 00000056         
   91 00000056         
   92 00000056         ;Section ROM code (read only) :  
   93 00000056 00 00 00000000 
              00000000 
              00000000 
              00000000 
              00000000         AREA             Trigo, DATA, READONLY
   94 00000000         ; codage fractionnaire 1.15
   95 00000000         
   96 00000000         TabCos
   97 00000000 FF 7F           DCW              32767       ;  0 0x7fff  0.9999
                                                            7
   98 00000002 62 7F           DCW              32610       ;  1 0x7f62  0.9951
                                                            8



ARM Macro Assembler    Page 3 


   99 00000004 8A 7D           DCW              32138       ;  2 0x7d8a  0.9807
                                                            7
  100 00000006 7D 7A           DCW              31357       ;  3 0x7a7d  0.9569
                                                            4
  101 00000008 42 76           DCW              30274       ;  4 0x7642  0.9238
                                                            9
  102 0000000A E3 70           DCW              28899       ;  5 0x70e3  0.8819
                                                            3
  103 0000000C 6E 6A           DCW              27246       ;  6 0x6a6e  0.8314
                                                            8
  104 0000000E F2 62           DCW              25330       ;  7 0x62f2  0.7730
                                                            1
  105 00000010 82 5A           DCW              23170       ;  8 0x5a82  0.7070
                                                            9
  106 00000012 34 51           DCW              20788       ;  9 0x5134  0.6344
                                                            0
  107 00000014 1D 47           DCW              18205       ; 10 0x471d  0.5555
                                                            7
  108 00000016 57 3C           DCW              15447       ; 11 0x3c57  0.4714
                                                            1
  109 00000018 FC 30           DCW              12540       ; 12 0x30fc  0.3826
                                                            9
  110 0000001A 28 25           DCW              9512        ; 13 0x2528  0.2902
                                                            8
  111 0000001C F9 18           DCW              6393        ; 14 0x18f9  0.1951
                                                            0
  112 0000001E 8C 0C           DCW              3212        ; 15 0x0c8c  0.0980
                                                            2
  113 00000020 00 00           DCW              0           ; 16 0x0000  0.0000
                                                            0
  114 00000022 74 F3           DCW              -3212       ; 17 0xf374 -0.0980
                                                            2
  115 00000024 07 E7           DCW              -6393       ; 18 0xe707 -0.1951
                                                            0
  116 00000026 D8 DA           DCW              -9512       ; 19 0xdad8 -0.2902
                                                            8
  117 00000028 04 CF           DCW              -12540      ; 20 0xcf04 -0.3826
                                                            9
  118 0000002A A9 C3           DCW              -15447      ; 21 0xc3a9 -0.4714
                                                            1
  119 0000002C E3 B8           DCW              -18205      ; 22 0xb8e3 -0.5555
                                                            7
  120 0000002E CC AE           DCW              -20788      ; 23 0xaecc -0.6344
                                                            0
  121 00000030 7E A5           DCW              -23170      ; 24 0xa57e -0.7070
                                                            9
  122 00000032 0E 9D           DCW              -25330      ; 25 0x9d0e -0.7730
                                                            1
  123 00000034 92 95           DCW              -27246      ; 26 0x9592 -0.8314
                                                            8
  124 00000036 1D 8F           DCW              -28899      ; 27 0x8f1d -0.8819
                                                            3
  125 00000038 BE 89           DCW              -30274      ; 28 0x89be -0.9238
                                                            9
  126 0000003A 83 85           DCW              -31357      ; 29 0x8583 -0.9569
                                                            4
  127 0000003C 76 82           DCW              -32138      ; 30 0x8276 -0.9807
                                                            7
  128 0000003E 9E 80           DCW              -32610      ; 31 0x809e -0.9951



ARM Macro Assembler    Page 4 


                                                            8
  129 00000040 00 80           DCW              -32768      ; 32 0x8000 -1.0000
                                                            0
  130 00000042 9E 80           DCW              -32610      ; 33 0x809e -0.9951
                                                            8
  131 00000044 76 82           DCW              -32138      ; 34 0x8276 -0.9807
                                                            7
  132 00000046 83 85           DCW              -31357      ; 35 0x8583 -0.9569
                                                            4
  133 00000048 BE 89           DCW              -30274      ; 36 0x89be -0.9238
                                                            9
  134 0000004A 1D 8F           DCW              -28899      ; 37 0x8f1d -0.8819
                                                            3
  135 0000004C 92 95           DCW              -27246      ; 38 0x9592 -0.8314
                                                            8
  136 0000004E 0E 9D           DCW              -25330      ; 39 0x9d0e -0.7730
                                                            1
  137 00000050 7E A5           DCW              -23170      ; 40 0xa57e -0.7070
                                                            9
  138 00000052 CC AE           DCW              -20788      ; 41 0xaecc -0.6344
                                                            0
  139 00000054 E3 B8           DCW              -18205      ; 42 0xb8e3 -0.5555
                                                            7
  140 00000056 A9 C3           DCW              -15447      ; 43 0xc3a9 -0.4714
                                                            1
  141 00000058 04 CF           DCW              -12540      ; 44 0xcf04 -0.3826
                                                            9
  142 0000005A D8 DA           DCW              -9512       ; 45 0xdad8 -0.2902
                                                            8
  143 0000005C 07 E7           DCW              -6393       ; 46 0xe707 -0.1951
                                                            0
  144 0000005E 74 F3           DCW              -3212       ; 47 0xf374 -0.0980
                                                            2
  145 00000060 00 00           DCW              0           ; 48 0x0000  0.0000
                                                            0
  146 00000062 8C 0C           DCW              3212        ; 49 0x0c8c  0.0980
                                                            2
  147 00000064 F9 18           DCW              6393        ; 50 0x18f9  0.1951
                                                            0
  148 00000066 28 25           DCW              9512        ; 51 0x2528  0.2902
                                                            8
  149 00000068 FC 30           DCW              12540       ; 52 0x30fc  0.3826
                                                            9
  150 0000006A 57 3C           DCW              15447       ; 53 0x3c57  0.4714
                                                            1
  151 0000006C 1D 47           DCW              18205       ; 54 0x471d  0.5555
                                                            7
  152 0000006E 34 51           DCW              20788       ; 55 0x5134  0.6344
                                                            0
  153 00000070 82 5A           DCW              23170       ; 56 0x5a82  0.7070
                                                            9
  154 00000072 F2 62           DCW              25330       ; 57 0x62f2  0.7730
                                                            1
  155 00000074 6E 6A           DCW              27246       ; 58 0x6a6e  0.8314
                                                            8
  156 00000076 E3 70           DCW              28899       ; 59 0x70e3  0.8819
                                                            3
  157 00000078 42 76           DCW              30274       ; 60 0x7642  0.9238
                                                            9



ARM Macro Assembler    Page 5 


  158 0000007A 7D 7A           DCW              31357       ; 61 0x7a7d  0.9569
                                                            4
  159 0000007C 8A 7D           DCW              32138       ; 62 0x7d8a  0.9807
                                                            7
  160 0000007E 62 7F           DCW              32610       ; 63 0x7f62  0.9951
                                                            8
  161 00000080         TabSin
  162 00000080 00 00           DCW              0           ;  0 0x0000  0.0000
                                                            0
  163 00000082 8C 0C           DCW              3212        ;  1 0x0c8c  0.0980
                                                            2
  164 00000084 F9 18           DCW              6393        ;  2 0x18f9  0.1951
                                                            0
  165 00000086 28 25           DCW              9512        ;  3 0x2528  0.2902
                                                            8
  166 00000088 FC 30           DCW              12540       ;  4 0x30fc  0.3826
                                                            9
  167 0000008A 57 3C           DCW              15447       ;  5 0x3c57  0.4714
                                                            1
  168 0000008C 1D 47           DCW              18205       ;  6 0x471d  0.5555
                                                            7
  169 0000008E 34 51           DCW              20788       ;  7 0x5134  0.6344
                                                            0
  170 00000090 82 5A           DCW              23170       ;  8 0x5a82  0.7070
                                                            9
  171 00000092 F2 62           DCW              25330       ;  9 0x62f2  0.7730
                                                            1
  172 00000094 6E 6A           DCW              27246       ; 10 0x6a6e  0.8314
                                                            8
  173 00000096 E3 70           DCW              28899       ; 11 0x70e3  0.8819
                                                            3
  174 00000098 42 76           DCW              30274       ; 12 0x7642  0.9238
                                                            9
  175 0000009A 7D 7A           DCW              31357       ; 13 0x7a7d  0.9569
                                                            4
  176 0000009C 8A 7D           DCW              32138       ; 14 0x7d8a  0.9807
                                                            7
  177 0000009E 62 7F           DCW              32610       ; 15 0x7f62  0.9951
                                                            8
  178 000000A0 FF 7F           DCW              32767       ; 16 0x7fff  0.9999
                                                            7
  179 000000A2 62 7F           DCW              32610       ; 17 0x7f62  0.9951
                                                            8
  180 000000A4 8A 7D           DCW              32138       ; 18 0x7d8a  0.9807
                                                            7
  181 000000A6 7D 7A           DCW              31357       ; 19 0x7a7d  0.9569
                                                            4
  182 000000A8 42 76           DCW              30274       ; 20 0x7642  0.9238
                                                            9
  183 000000AA E3 70           DCW              28899       ; 21 0x70e3  0.8819
                                                            3
  184 000000AC 6E 6A           DCW              27246       ; 22 0x6a6e  0.8314
                                                            8
  185 000000AE F2 62           DCW              25330       ; 23 0x62f2  0.7730
                                                            1
  186 000000B0 82 5A           DCW              23170       ; 24 0x5a82  0.7070
                                                            9
  187 000000B2 34 51           DCW              20788       ; 25 0x5134  0.6344
                                                            0



ARM Macro Assembler    Page 6 


  188 000000B4 1D 47           DCW              18205       ; 26 0x471d  0.5555
                                                            7
  189 000000B6 57 3C           DCW              15447       ; 27 0x3c57  0.4714
                                                            1
  190 000000B8 FC 30           DCW              12540       ; 28 0x30fc  0.3826
                                                            9
  191 000000BA 28 25           DCW              9512        ; 29 0x2528  0.2902
                                                            8
  192 000000BC F9 18           DCW              6393        ; 30 0x18f9  0.1951
                                                            0
  193 000000BE 8C 0C           DCW              3212        ; 31 0x0c8c  0.0980
                                                            2
  194 000000C0 00 00           DCW              0           ; 32 0x0000  0.0000
                                                            0
  195 000000C2 74 F3           DCW              -3212       ; 33 0xf374 -0.0980
                                                            2
  196 000000C4 07 E7           DCW              -6393       ; 34 0xe707 -0.1951
                                                            0
  197 000000C6 D8 DA           DCW              -9512       ; 35 0xdad8 -0.2902
                                                            8
  198 000000C8 04 CF           DCW              -12540      ; 36 0xcf04 -0.3826
                                                            9
  199 000000CA A9 C3           DCW              -15447      ; 37 0xc3a9 -0.4714
                                                            1
  200 000000CC E3 B8           DCW              -18205      ; 38 0xb8e3 -0.5555
                                                            7
  201 000000CE CC AE           DCW              -20788      ; 39 0xaecc -0.6344
                                                            0
  202 000000D0 7E A5           DCW              -23170      ; 40 0xa57e -0.7070
                                                            9
  203 000000D2 0E 9D           DCW              -25330      ; 41 0x9d0e -0.7730
                                                            1
  204 000000D4 92 95           DCW              -27246      ; 42 0x9592 -0.8314
                                                            8
  205 000000D6 1D 8F           DCW              -28899      ; 43 0x8f1d -0.8819
                                                            3
  206 000000D8 BE 89           DCW              -30274      ; 44 0x89be -0.9238
                                                            9
  207 000000DA 83 85           DCW              -31357      ; 45 0x8583 -0.9569
                                                            4
  208 000000DC 76 82           DCW              -32138      ; 46 0x8276 -0.9807
                                                            7
  209 000000DE 9E 80           DCW              -32610      ; 47 0x809e -0.9951
                                                            8
  210 000000E0 00 80           DCW              -32768      ; 48 0x8000 -1.0000
                                                            0
  211 000000E2 9E 80           DCW              -32610      ; 49 0x809e -0.9951
                                                            8
  212 000000E4 76 82           DCW              -32138      ; 50 0x8276 -0.9807
                                                            7
  213 000000E6 83 85           DCW              -31357      ; 51 0x8583 -0.9569
                                                            4
  214 000000E8 BE 89           DCW              -30274      ; 52 0x89be -0.9238
                                                            9
  215 000000EA 1D 8F           DCW              -28899      ; 53 0x8f1d -0.8819
                                                            3
  216 000000EC 92 95           DCW              -27246      ; 54 0x9592 -0.8314
                                                            8
  217 000000EE 0E 9D           DCW              -25330      ; 55 0x9d0e -0.7730



ARM Macro Assembler    Page 7 


                                                            1
  218 000000F0 7E A5           DCW              -23170      ; 56 0xa57e -0.7070
                                                            9
  219 000000F2 CC AE           DCW              -20788      ; 57 0xaecc -0.6344
                                                            0
  220 000000F4 E3 B8           DCW              -18205      ; 58 0xb8e3 -0.5555
                                                            7
  221 000000F6 A9 C3           DCW              -15447      ; 59 0xc3a9 -0.4714
                                                            1
  222 000000F8 04 CF           DCW              -12540      ; 60 0xcf04 -0.3826
                                                            9
  223 000000FA D8 DA           DCW              -9512       ; 61 0xdad8 -0.2902
                                                            8
  224 000000FC 07 E7           DCW              -6393       ; 62 0xe707 -0.1951
                                                            0
  225 000000FE 74 F3           DCW              -3212       ; 63 0xf374 -0.0980
                                                            2
  226 00000100         
  227 00000100         
  228 00000100                 END
Command Line: --debug --xref --diag_suppress=9931 --cpu=Cortex-M3 --apcs=interw
ork --depend=.\obj\dft.d -o.\obj\dft.o -I.\Driver -I.\RTE\_CibleSondeKEIL -IC:\
Programdata\Keil\Arm\Packs\ARM\CMSIS\5.7.0\CMSIS\Core\Include -IC:\Programdata\
Keil\Arm\Packs\Keil\STM32F1xx_DFP\2.3.0\Device\Include --predefine="__EVAL SETA
 1" --predefine="__MICROLIB SETA 1" --predefine="__UVISION_VERSION SETA 534" --
predefine="_RTE_ SETA 1" --predefine="STM32F10X_MD SETA 1" --predefine="_RTE_ S
ETA 1" --list=dft.lst Src\DFT.s



ARM Macro Assembler    Page 1 Alphabetic symbol ordering
Relocatable symbols

mesdata 00000000

Symbol: mesdata
   Definitions
      At line 9 in file Src\DFT.s
   Uses
      None
Comment: mesdata unused
1 symbol



ARM Macro Assembler    Page 1 Alphabetic symbol ordering
Relocatable symbols

ModuleAuCarre 00000004

Symbol: ModuleAuCarre
   Definitions
      At line 17 in file Src\DFT.s
   Uses
      At line 79 in file Src\DFT.s
Comment: ModuleAuCarre used once
PartieImaginaire 00000002

Symbol: PartieImaginaire
   Definitions
      At line 16 in file Src\DFT.s
   Uses
      At line 72 in file Src\DFT.s
Comment: PartieImaginaire used once
PartieReelle 00000000

Symbol: PartieReelle
   Definitions
      At line 15 in file Src\DFT.s
   Uses
      At line 70 in file Src\DFT.s
Comment: PartieReelle used once
maram 00000000

Symbol: maram
   Definitions
      At line 13 in file Src\DFT.s
   Uses
      None
Comment: maram unused
4 symbols



ARM Macro Assembler    Page 1 Alphabetic symbol ordering
Relocatable symbols

DFT_ModuleAuCarre 00000000

Symbol: DFT_ModuleAuCarre
   Definitions
      At line 37 in file Src\DFT.s
   Uses
      At line 5 in file Src\DFT.s
Comment: DFT_ModuleAuCarre used once
LOOP 00000014

Symbol: LOOP
   Definitions
      At line 51 in file Src\DFT.s
   Uses
      At line 68 in file Src\DFT.s
Comment: LOOP used once
moncode 00000000

Symbol: moncode
   Definitions
      At line 25 in file Src\DFT.s
   Uses
      None
Comment: moncode unused
3 symbols



ARM Macro Assembler    Page 1 Alphabetic symbol ordering
Relocatable symbols

TabCos 00000000

Symbol: TabCos
   Definitions
      At line 96 in file Src\DFT.s
   Uses
      At line 46 in file Src\DFT.s
Comment: TabCos used once
TabSin 00000080

Symbol: TabSin
   Definitions
      At line 161 in file Src\DFT.s
   Uses
      At line 47 in file Src\DFT.s
Comment: TabSin used once
Trigo 00000000

Symbol: Trigo
   Definitions
      At line 93 in file Src\DFT.s
   Uses
      None
Comment: Trigo unused
3 symbols



ARM Macro Assembler    Page 1 Alphabetic symbol ordering
External symbols

LeSignal 00000000

Symbol: LeSignal
   Definitions
      At line 4 in file Src\DFT.s
   Uses
      None
Comment: LeSignal unused
1 symbol
349 symbols in table
